<?xml version="1.0" encoding="UTF-8"?>
<!-- Generated by org.testng.reporters.JUnitXMLReporter -->
<testsuite hostname="hades.saotome.dcc.ufmg.br" name="Nopackage" tests="6" failures="0" timestamp="6 May 2014 15:41:26 GMT" time="2.874" errors="0">
  <testcase name="verifyAlerts" time="0.546" classname="br.ufmg.dcc.saotome.beholder.selenium.BasicTests"/>
  <testcase name="verifyCellClick" time="0.267" classname="br.ufmg.dcc.saotome.beholder.selenium.BasicTests"/>
  <testcase name="verifyDisplayableModal" time="0.71" classname="br.ufmg.dcc.saotome.beholder.selenium.BasicTests"/>
  <testcase name="verifyScreenshot" time="0.537" classname="br.ufmg.dcc.saotome.beholder.selenium.BasicTests"/>
  <testcase name="verifyTableByColumn" time="0.421" classname="br.ufmg.dcc.saotome.beholder.selenium.BasicTests"/>
  <testcase name="verifyTableByLine" time="0.373" classname="br.ufmg.dcc.saotome.beholder.selenium.BasicTests"/>
</testsuite> <!-- Nopackage -->
