<?xml version="1.0" encoding="UTF-8"?>
<testng-results skipped="0" failed="0" total="6" passed="6">
  <reporter-output>
  </reporter-output>
  <suite name="Suite1" duration-ms="2874" started-at="2014-05-06T15:41:23Z" finished-at="2014-05-06T15:41:26Z">
    <groups>
    </groups>
    <test name="Nopackage" duration-ms="2874" started-at="2014-05-06T15:41:23Z" finished-at="2014-05-06T15:41:26Z">
      <class name="br.ufmg.dcc.saotome.beholder.selenium.BasicTests">
        <test-method status="PASS" signature="setUp()[pri:0, instance:br.ufmg.dcc.saotome.beholder.selenium.BasicTests@1e85e47e]" name="setUp" is-config="true" duration-ms="1" started-at="2014-05-06T12:41:23Z" finished-at="2014-05-06T12:41:23Z">
          <reporter-output>
          </reporter-output>
        </test-method> <!-- setUp -->
        <test-method status="PASS" signature="verifyAlerts()[pri:0, instance:br.ufmg.dcc.saotome.beholder.selenium.BasicTests@1e85e47e]" name="verifyAlerts" duration-ms="546" started-at="2014-05-06T12:41:23Z" finished-at="2014-05-06T12:41:23Z">
          <reporter-output>
          </reporter-output>
        </test-method> <!-- verifyAlerts -->
        <test-method status="PASS" signature="verifyCellClick()[pri:0, instance:br.ufmg.dcc.saotome.beholder.selenium.BasicTests@1e85e47e]" name="verifyCellClick" duration-ms="267" started-at="2014-05-06T12:41:23Z" finished-at="2014-05-06T12:41:24Z">
          <reporter-output>
          </reporter-output>
        </test-method> <!-- verifyCellClick -->
        <test-method status="PASS" signature="verifyDisplayableModal()[pri:0, instance:br.ufmg.dcc.saotome.beholder.selenium.BasicTests@1e85e47e]" name="verifyDisplayableModal" duration-ms="710" started-at="2014-05-06T12:41:24Z" finished-at="2014-05-06T12:41:24Z">
          <reporter-output>
          </reporter-output>
        </test-method> <!-- verifyDisplayableModal -->
        <test-method status="PASS" signature="verifyScreenshot()[pri:0, instance:br.ufmg.dcc.saotome.beholder.selenium.BasicTests@1e85e47e]" name="verifyScreenshot" duration-ms="537" started-at="2014-05-06T12:41:24Z" finished-at="2014-05-06T12:41:25Z">
          <reporter-output>
          </reporter-output>
        </test-method> <!-- verifyScreenshot -->
        <test-method status="PASS" signature="verifyTableByColumn()[pri:0, instance:br.ufmg.dcc.saotome.beholder.selenium.BasicTests@1e85e47e]" name="verifyTableByColumn" duration-ms="421" started-at="2014-05-06T12:41:25Z" finished-at="2014-05-06T12:41:25Z">
          <reporter-output>
          </reporter-output>
        </test-method> <!-- verifyTableByColumn -->
        <test-method status="PASS" signature="verifyTableByLine()[pri:0, instance:br.ufmg.dcc.saotome.beholder.selenium.BasicTests@1e85e47e]" name="verifyTableByLine" duration-ms="373" started-at="2014-05-06T12:41:25Z" finished-at="2014-05-06T12:41:26Z">
          <reporter-output>
          </reporter-output>
        </test-method> <!-- verifyTableByLine -->
      </class> <!-- br.ufmg.dcc.saotome.beholder.selenium.BasicTests -->
      <class name="br.ufmg.dcc.saotome.beholder.selenium.SeleniumController">
        <test-method status="PASS" signature="startSelenium(java.lang.String)[pri:0, instance:br.ufmg.dcc.saotome.beholder.selenium.SeleniumController@c4e6fe5]" name="startSelenium" is-config="true" duration-ms="2910" started-at="2014-05-06T12:41:20Z" finished-at="2014-05-06T12:41:23Z">
          <params>
            <param index="0">
              <value>
                <![CDATA[browser=firefox;screenshotFolder=/var/tmp/screenshots]]>
              </value>
            </param>
          </params>
          <reporter-output>
          </reporter-output>
        </test-method> <!-- startSelenium -->
        <test-method status="PASS" signature="closeSelenium()[pri:0, instance:br.ufmg.dcc.saotome.beholder.selenium.SeleniumController@c4e6fe5]" name="closeSelenium" is-config="true" duration-ms="65" started-at="2014-05-06T12:41:26Z" finished-at="2014-05-06T12:41:26Z">
          <reporter-output>
          </reporter-output>
        </test-method> <!-- closeSelenium -->
      </class> <!-- br.ufmg.dcc.saotome.beholder.selenium.SeleniumController -->
    </test> <!-- Nopackage -->
  </suite> <!-- Suite1 -->
</testng-results>
